SF:lib/modules/auth/login/data/models/login_response_model.dart
DA:8,3
DA:13,2
DA:14,4
DA:15,4
DA:17,4
DA:18,2
DA:19,2
DA:22,2
DA:23,2
DA:24,2
DA:25,2
DA:26,2
DA:31,2
DA:32,2
DA:33,2
DA:34,2
LF:16
LH:16
end_of_record
SF:lib/modules/auth/login/domain/entities/login_response_item.dart
DA:7,5
DA:12,2
DA:13,2
DA:14,2
DA:15,2
LF:5
LH:5
end_of_record
SF:lib/modules/auth/login/data/remote_data_sources/login_remote_data_source.dart
DA:13,1
DA:15,1
DA:17,2
DA:18,1
DA:20,1
DA:21,2
DA:24,2
DA:25,3
DA:27,1
LF:9
LH:9
end_of_record
SF:lib/modules/auth/login/data/repositories/login_repository_impl.dart
DA:10,1
DA:12,1
DA:16,2
DA:17,2
DA:18,1
DA:19,2
DA:21,2
LF:7
LH:7
end_of_record
SF:lib/main.dart
DA:3,0
DA:4,0
DA:8,2
DA:11,1
DA:13,1
DA:15,1
DA:31,1
DA:40,1
DA:53,1
DA:54,1
DA:60,1
DA:61,2
DA:67,2
DA:71,1
DA:79,1
DA:80,1
DA:84,3
DA:87,3
DA:89,1
DA:92,1
DA:107,1
DA:111,1
DA:112,2
DA:113,3
DA:118,1
DA:119,1
LF:26
LH:24
end_of_record
SF:lib/modules/auth/login/domain/usecases/login_user.dart
DA:8,1
DA:10,1
DA:12,2
LF:3
LH:3
end_of_record
